[0.017s] Invoking command in '/home/krishna/Altran_Folders/ROS2/catkin_ws/build/my_cpp_pkg': AMENT_PREFIX_PATH=/home/krishna/Altran_Folders/ROS2/catkin_ws/install/custom_interfaces:${AMENT_PREFIX_PATH} CMAKE_PREFIX_PATH=/home/krishna/Altran_Folders/ROS2/catkin_ws/install/custom_interfaces:/home/krishna/Git_Aorta/aorta/ROS/install/trajectory_visualization_plugin:/home/krishna/Git_Aorta/aorta/ROS/install/rviz_carla_plugin:/home/krishna/Git_Aorta/aorta/ROS/install/pcl_recorder:/home/krishna/Git_Aorta/aorta/ROS/install/custom_messages:/home/krishna/Git_Aorta/aorta/ROS/install/carla_waypoint_types:/home/krishna/Git_Aorta/aorta/ROS/install/carla_ros_scenario_runner_types:/home/krishna/Git_Aorta/aorta/ROS/install/carla_ackermann_msgs:/home/krishna/Git_Aorta/aorta/ROS/install/carla_msgs:/home/krishna/Git_Aorta/astuff_sensor_msgs/derived_object_msgs/install/derived_object_msgs:/home/krishna/Git_Aorta/aorta/ROS/install/tuk_filter:/home/krishna/Git_Aorta/aorta/ROS/install/trajectory_planning:/home/krishna/Git_Aorta/aorta/ROS/install/trajectory_following_parameter:/home/krishna/Git_Aorta/aorta/ROS/install/trajectory_following:/home/krishna/Git_Aorta/aorta/ROS/install/traffic_light_control:/home/krishna/Git_Aorta/aorta/ROS/install/carla_aorta_test:/home/krishna/Git_Aorta/aorta/ROS/install/carla_ad_demo:/home/krishna/Git_Aorta/aorta/ROS/install/rqt_carla_control:/home/krishna/Git_Aorta/aorta/ROS/install/carla_waypoint_publisher:/home/krishna/Git_Aorta/aorta/ROS/install/carla_ackermann_control:/home/krishna/Git_Aorta/aorta/ROS/install/carla_ros_bridge:/home/krishna/Git_Aorta/aorta/ROS/install/carla_spawn_objects:/home/krishna/Git_Aorta/aorta/ROS/install/carla_manual_control:/home/krishna/Git_Aorta/aorta/ROS/install/carla_ad_agent:/home/krishna/Git_Aorta/aorta/ROS/install/ros_compatibility:/home/krishna/Git_Aorta/aorta/ROS/install/ros_bridge_addon:/home/krishna/Git_Aorta/aorta/ROS/install/emergency_filter:/home/krishna/Git_Aorta/aorta/ROS/install/edge_device:/home/krishna/Git_Aorta/aorta/ROS/install/dummy_manual_control:/home/krishna/Git_Aorta/aorta/ROS/install/default_filter:/home/krishna/Git_Aorta/aorta/ROS/install/car_tuk:/home/krishna/Git_Aorta/aorta/ROS/install/car_emergency:/home/krishna/Git_Aorta/aorta/ROS/install/car_default:/home/krishna/Git_Aorta/aorta/ROS/install/car_altran:/home/krishna/Git_Aorta/aorta/ROS/install/car_akka:/home/krishna/Git_Aorta/aorta/ROS/install/aorta_server:/home/krishna/Git_Aorta/aorta/ROS/install/aorta_demo:/home/krishna/Git_Aorta/aorta/ROS/install/altran_filter:/home/krishna/Git_Aorta/aorta/ROS/install/akka_sensor_dummy:/home/krishna/Git_Aorta/aorta/ROS/install/akka_filter:/home/krishna/Git_Aorta/aorta/ROS/install/carla_walker_agent:/home/krishna/Git_Aorta/aorta/ROS/install/carla_twist_to_control:/home/krishna/Git_Aorta/aorta/ROS/install/carla_ros_scenario_runner:/home/krishna/Git_Aorta/aorta/ROS/install/carla_common:/opt/ros/galactic LD_LIBRARY_PATH=/home/krishna/Altran_Folders/ROS2/catkin_ws/install/custom_interfaces/lib:${LD_LIBRARY_PATH} PYTHONPATH=/home/krishna/Altran_Folders/ROS2/catkin_ws/install/custom_interfaces/lib/python3.8/site-packages:${PYTHONPATH} /usr/bin/cmake /home/krishna/Altran_Folders/ROS2/catkin_ws/src/my_cpp_pkg -DCMAKE_INSTALL_PREFIX=/home/krishna/Altran_Folders/ROS2/catkin_ws/install/my_cpp_pkg
[0.074s] -- The C compiler identification is GNU 10.3.0
[0.123s] -- The CXX compiler identification is GNU 10.3.0
[0.128s] -- Check for working C compiler: /usr/bin/cc
[0.187s] -- Check for working C compiler: /usr/bin/cc -- works
[0.187s] -- Detecting C compiler ABI info
[0.241s] -- Detecting C compiler ABI info - done
[0.252s] -- Detecting C compile features
[0.252s] -- Detecting C compile features - done
[0.254s] -- Check for working CXX compiler: /usr/bin/c++
[0.321s] -- Check for working CXX compiler: /usr/bin/c++ -- works
[0.322s] -- Detecting CXX compiler ABI info
[0.399s] -- Detecting CXX compiler ABI info - done
[0.410s] -- Detecting CXX compile features
[0.410s] -- Detecting CXX compile features - done
[0.414s] -- Found ament_cmake: 1.1.4 (/opt/ros/galactic/share/ament_cmake/cmake)
[0.451s] -- Found PythonInterp: /usr/bin/python3 (found suitable version "3.8.10", minimum required is "3") 
[0.451s] -- Using PYTHON_EXECUTABLE: /usr/bin/python3
[0.569s] -- Found rclcpp: 9.1.0 (/opt/ros/galactic/share/rclcpp/cmake)
[0.638s] -- Using all available rosidl_typesupport_c: rosidl_typesupport_fastrtps_c;rosidl_typesupport_introspection_c
[0.651s] -- Found rosidl_adapter: 2.2.1 (/opt/ros/galactic/share/rosidl_adapter/cmake)
[0.750s] -- Found OpenSSL: /usr/lib/x86_64-linux-gnu/libcrypto.so (found version "1.1.1f")  
[0.783s] -- Found FastRTPS: /opt/ros/galactic/include  
[0.866s] -- Using all available rosidl_typesupport_cpp: rosidl_typesupport_fastrtps_cpp;rosidl_typesupport_introspection_cpp
[0.933s] -- Found rmw_implementation_cmake: 3.3.1 (/opt/ros/galactic/share/rmw_implementation_cmake/cmake)
[0.940s] -- Found rmw_cyclonedds_cpp: 0.22.3 (/opt/ros/galactic/share/rmw_cyclonedds_cpp/cmake)
[0.964s] -- Using RMW implementation 'rmw_cyclonedds_cpp' as default
[0.965s] -- Looking for pthread.h
[1.022s] -- Looking for pthread.h - found
[1.022s] -- Performing Test CMAKE_HAVE_LIBC_PTHREAD
[1.086s] -- Performing Test CMAKE_HAVE_LIBC_PTHREAD - Failed
[1.086s] -- Looking for pthread_create in pthreads
[1.132s] -- Looking for pthread_create in pthreads - not found
[1.132s] -- Looking for pthread_create in pthread
[1.191s] -- Looking for pthread_create in pthread - found
[1.192s] -- Found Threads: TRUE  
[1.319s] -- Found example_interfaces: 0.9.2 (/opt/ros/galactic/share/example_interfaces/cmake)
[1.415s] -- Found custom_interfaces: 0.0.0 (/home/krishna/Altran_Folders/ROS2/catkin_ws/install/custom_interfaces/share/custom_interfaces/cmake)
[1.514s] -- Configuring done
[1.557s] -- Generating done
[1.558s] -- Build files have been written to: /home/krishna/Altran_Folders/ROS2/catkin_ws/build/my_cpp_pkg
[1.568s] Invoked command in '/home/krishna/Altran_Folders/ROS2/catkin_ws/build/my_cpp_pkg' returned '0': AMENT_PREFIX_PATH=/home/krishna/Altran_Folders/ROS2/catkin_ws/install/custom_interfaces:${AMENT_PREFIX_PATH} CMAKE_PREFIX_PATH=/home/krishna/Altran_Folders/ROS2/catkin_ws/install/custom_interfaces:/home/krishna/Git_Aorta/aorta/ROS/install/trajectory_visualization_plugin:/home/krishna/Git_Aorta/aorta/ROS/install/rviz_carla_plugin:/home/krishna/Git_Aorta/aorta/ROS/install/pcl_recorder:/home/krishna/Git_Aorta/aorta/ROS/install/custom_messages:/home/krishna/Git_Aorta/aorta/ROS/install/carla_waypoint_types:/home/krishna/Git_Aorta/aorta/ROS/install/carla_ros_scenario_runner_types:/home/krishna/Git_Aorta/aorta/ROS/install/carla_ackermann_msgs:/home/krishna/Git_Aorta/aorta/ROS/install/carla_msgs:/home/krishna/Git_Aorta/astuff_sensor_msgs/derived_object_msgs/install/derived_object_msgs:/home/krishna/Git_Aorta/aorta/ROS/install/tuk_filter:/home/krishna/Git_Aorta/aorta/ROS/install/trajectory_planning:/home/krishna/Git_Aorta/aorta/ROS/install/trajectory_following_parameter:/home/krishna/Git_Aorta/aorta/ROS/install/trajectory_following:/home/krishna/Git_Aorta/aorta/ROS/install/traffic_light_control:/home/krishna/Git_Aorta/aorta/ROS/install/carla_aorta_test:/home/krishna/Git_Aorta/aorta/ROS/install/carla_ad_demo:/home/krishna/Git_Aorta/aorta/ROS/install/rqt_carla_control:/home/krishna/Git_Aorta/aorta/ROS/install/carla_waypoint_publisher:/home/krishna/Git_Aorta/aorta/ROS/install/carla_ackermann_control:/home/krishna/Git_Aorta/aorta/ROS/install/carla_ros_bridge:/home/krishna/Git_Aorta/aorta/ROS/install/carla_spawn_objects:/home/krishna/Git_Aorta/aorta/ROS/install/carla_manual_control:/home/krishna/Git_Aorta/aorta/ROS/install/carla_ad_agent:/home/krishna/Git_Aorta/aorta/ROS/install/ros_compatibility:/home/krishna/Git_Aorta/aorta/ROS/install/ros_bridge_addon:/home/krishna/Git_Aorta/aorta/ROS/install/emergency_filter:/home/krishna/Git_Aorta/aorta/ROS/install/edge_device:/home/krishna/Git_Aorta/aorta/ROS/install/dummy_manual_control:/home/krishna/Git_Aorta/aorta/ROS/install/default_filter:/home/krishna/Git_Aorta/aorta/ROS/install/car_tuk:/home/krishna/Git_Aorta/aorta/ROS/install/car_emergency:/home/krishna/Git_Aorta/aorta/ROS/install/car_default:/home/krishna/Git_Aorta/aorta/ROS/install/car_altran:/home/krishna/Git_Aorta/aorta/ROS/install/car_akka:/home/krishna/Git_Aorta/aorta/ROS/install/aorta_server:/home/krishna/Git_Aorta/aorta/ROS/install/aorta_demo:/home/krishna/Git_Aorta/aorta/ROS/install/altran_filter:/home/krishna/Git_Aorta/aorta/ROS/install/akka_sensor_dummy:/home/krishna/Git_Aorta/aorta/ROS/install/akka_filter:/home/krishna/Git_Aorta/aorta/ROS/install/carla_walker_agent:/home/krishna/Git_Aorta/aorta/ROS/install/carla_twist_to_control:/home/krishna/Git_Aorta/aorta/ROS/install/carla_ros_scenario_runner:/home/krishna/Git_Aorta/aorta/ROS/install/carla_common:/opt/ros/galactic LD_LIBRARY_PATH=/home/krishna/Altran_Folders/ROS2/catkin_ws/install/custom_interfaces/lib:${LD_LIBRARY_PATH} PYTHONPATH=/home/krishna/Altran_Folders/ROS2/catkin_ws/install/custom_interfaces/lib/python3.8/site-packages:${PYTHONPATH} /usr/bin/cmake /home/krishna/Altran_Folders/ROS2/catkin_ws/src/my_cpp_pkg -DCMAKE_INSTALL_PREFIX=/home/krishna/Altran_Folders/ROS2/catkin_ws/install/my_cpp_pkg
[1.570s] Invoking command in '/home/krishna/Altran_Folders/ROS2/catkin_ws/build/my_cpp_pkg': AMENT_PREFIX_PATH=/home/krishna/Altran_Folders/ROS2/catkin_ws/install/custom_interfaces:${AMENT_PREFIX_PATH} CMAKE_PREFIX_PATH=/home/krishna/Altran_Folders/ROS2/catkin_ws/install/custom_interfaces:/home/krishna/Git_Aorta/aorta/ROS/install/trajectory_visualization_plugin:/home/krishna/Git_Aorta/aorta/ROS/install/rviz_carla_plugin:/home/krishna/Git_Aorta/aorta/ROS/install/pcl_recorder:/home/krishna/Git_Aorta/aorta/ROS/install/custom_messages:/home/krishna/Git_Aorta/aorta/ROS/install/carla_waypoint_types:/home/krishna/Git_Aorta/aorta/ROS/install/carla_ros_scenario_runner_types:/home/krishna/Git_Aorta/aorta/ROS/install/carla_ackermann_msgs:/home/krishna/Git_Aorta/aorta/ROS/install/carla_msgs:/home/krishna/Git_Aorta/astuff_sensor_msgs/derived_object_msgs/install/derived_object_msgs:/home/krishna/Git_Aorta/aorta/ROS/install/tuk_filter:/home/krishna/Git_Aorta/aorta/ROS/install/trajectory_planning:/home/krishna/Git_Aorta/aorta/ROS/install/trajectory_following_parameter:/home/krishna/Git_Aorta/aorta/ROS/install/trajectory_following:/home/krishna/Git_Aorta/aorta/ROS/install/traffic_light_control:/home/krishna/Git_Aorta/aorta/ROS/install/carla_aorta_test:/home/krishna/Git_Aorta/aorta/ROS/install/carla_ad_demo:/home/krishna/Git_Aorta/aorta/ROS/install/rqt_carla_control:/home/krishna/Git_Aorta/aorta/ROS/install/carla_waypoint_publisher:/home/krishna/Git_Aorta/aorta/ROS/install/carla_ackermann_control:/home/krishna/Git_Aorta/aorta/ROS/install/carla_ros_bridge:/home/krishna/Git_Aorta/aorta/ROS/install/carla_spawn_objects:/home/krishna/Git_Aorta/aorta/ROS/install/carla_manual_control:/home/krishna/Git_Aorta/aorta/ROS/install/carla_ad_agent:/home/krishna/Git_Aorta/aorta/ROS/install/ros_compatibility:/home/krishna/Git_Aorta/aorta/ROS/install/ros_bridge_addon:/home/krishna/Git_Aorta/aorta/ROS/install/emergency_filter:/home/krishna/Git_Aorta/aorta/ROS/install/edge_device:/home/krishna/Git_Aorta/aorta/ROS/install/dummy_manual_control:/home/krishna/Git_Aorta/aorta/ROS/install/default_filter:/home/krishna/Git_Aorta/aorta/ROS/install/car_tuk:/home/krishna/Git_Aorta/aorta/ROS/install/car_emergency:/home/krishna/Git_Aorta/aorta/ROS/install/car_default:/home/krishna/Git_Aorta/aorta/ROS/install/car_altran:/home/krishna/Git_Aorta/aorta/ROS/install/car_akka:/home/krishna/Git_Aorta/aorta/ROS/install/aorta_server:/home/krishna/Git_Aorta/aorta/ROS/install/aorta_demo:/home/krishna/Git_Aorta/aorta/ROS/install/altran_filter:/home/krishna/Git_Aorta/aorta/ROS/install/akka_sensor_dummy:/home/krishna/Git_Aorta/aorta/ROS/install/akka_filter:/home/krishna/Git_Aorta/aorta/ROS/install/carla_walker_agent:/home/krishna/Git_Aorta/aorta/ROS/install/carla_twist_to_control:/home/krishna/Git_Aorta/aorta/ROS/install/carla_ros_scenario_runner:/home/krishna/Git_Aorta/aorta/ROS/install/carla_common:/opt/ros/galactic LD_LIBRARY_PATH=/home/krishna/Altran_Folders/ROS2/catkin_ws/install/custom_interfaces/lib:${LD_LIBRARY_PATH} PYTHONPATH=/home/krishna/Altran_Folders/ROS2/catkin_ws/install/custom_interfaces/lib/python3.8/site-packages:${PYTHONPATH} /usr/bin/cmake --build /home/krishna/Altran_Folders/ROS2/catkin_ws/build/my_cpp_pkg -- -j8 -l8
[1.607s] [35m[1mScanning dependencies of target rosClientOOPS[0m
[1.608s] [35m[1mScanning dependencies of target cppNode[0m
[1.608s] [35m[1mScanning dependencies of target cppClassNode[0m
[1.608s] [35m[1mScanning dependencies of target rosServer[0m
[1.608s] [35m[1mScanning dependencies of target rosPub[0m
[1.608s] [35m[1mScanning dependencies of target Act3Client[0m
[1.609s] [35m[1mScanning dependencies of target testMem[0m
[1.609s] [35m[1mScanning dependencies of target rosSub[0m
[1.648s] [  3%] [32mBuilding CXX object CMakeFiles/rosServer.dir/src/cppServer.cpp.o[0m
[1.649s] [  7%] [32mBuilding CXX object CMakeFiles/cppNode.dir/src/firstNode.cpp.o[0m
[1.649s] [ 11%] [32mBuilding CXX object CMakeFiles/rosSub.dir/src/Subscriber.cpp.o[0m
[1.651s] [ 15%] [32mBuilding CXX object CMakeFiles/cppClassNode.dir/src/ClassNode.cpp.o[0m
[1.651s] [ 19%] [32mBuilding CXX object CMakeFiles/rosPub.dir/src/PublisherNode.cpp.o[0m
[1.657s] [ 23%] [32mBuilding CXX object CMakeFiles/Act3Client.dir/src/Act3ResetClient.cpp.o[0m
[1.667s] [ 26%] [32mBuilding CXX object CMakeFiles/testMem.dir/src/RosWrapper.cpp.o[0m
[1.673s] [ 30%] [32mBuilding CXX object CMakeFiles/rosClientOOPS.dir/src/rosClientOOPS.cpp.o[0m
[4.392s] In file included from [01m[K/opt/ros/galactic/include/rclcpp/client.hpp:40[m[K,
[4.392s]                  from [01m[K/opt/ros/galactic/include/rclcpp/callback_group.hpp:23[m[K,
[4.392s]                  from [01m[K/opt/ros/galactic/include/rclcpp/any_executable.hpp:20[m[K,
[4.392s]                  from [01m[K/opt/ros/galactic/include/rclcpp/memory_strategy.hpp:25[m[K,
[4.392s]                  from [01m[K/opt/ros/galactic/include/rclcpp/memory_strategies.hpp:18[m[K,
[4.392s]                  from [01m[K/opt/ros/galactic/include/rclcpp/executor_options.hpp:20[m[K,
[4.393s]                  from [01m[K/opt/ros/galactic/include/rclcpp/executor.hpp:36[m[K,
[4.393s]                  from [01m[K/opt/ros/galactic/include/rclcpp/executors/multi_threaded_executor.hpp:26[m[K,
[4.393s]                  from [01m[K/opt/ros/galactic/include/rclcpp/executors.hpp:21[m[K,
[4.393s]                  from [01m[K/opt/ros/galactic/include/rclcpp/rclcpp.hpp:156[m[K,
[4.393s]                  from [01m[K/home/krishna/Altran_Folders/ROS2/catkin_ws/src/my_cpp_pkg/src/Subscriber.cpp:2[m[K:
[4.393s] [01m[K/home/krishna/Altran_Folders/ROS2/catkin_ws/src/my_cpp_pkg/src/Subscriber.cpp:[m[K In member function â€˜[01m[Kvoid RosSub::subscriberCb(example_interfaces::msg::String_<std::allocator<void> >::SharedPtr)[m[Kâ€™:
[4.393s] [01m[K/home/krishna/Altran_Folders/ROS2/catkin_ws/src/my_cpp_pkg/src/Subscriber.cpp:23:41:[m[K [01;31m[Kerror: [m[Kcannot convert â€˜[01m[Kstd::__cxx11::basic_stringstream<char>::__string_type[m[Kâ€™ {aka â€˜[01m[Kstd::__cxx11::basic_string<char>[m[Kâ€™} to â€˜[01m[Kconst char*[m[Kâ€™
[4.393s]    23 |         RCLCPP_INFO(get_logger(), [01;31m[Kss.str()[m[K);
[4.393s]       |                                   [01;31m[K~~~~~~^~[m[K
[4.393s]       |                                         [01;31m[K|[m[K
[4.394s]       |                                         [01;31m[Kstd::__cxx11::basic_stringstream<char>::__string_type {aka std::__cxx11::basic_string<char>}[m[K
[4.394s] In file included from [01m[K/opt/ros/galactic/include/rmw/types.h:28[m[K,
[4.394s]                  from [01m[K/opt/ros/galactic/include/rcl/types.h:20[m[K,
[4.394s]                  from [01m[K/opt/ros/galactic/include/rcl/log_level.h:22[m[K,
[4.394s]                  from [01m[K/opt/ros/galactic/include/rcl/arguments.h:21[m[K,
[4.394s]                  from [01m[K/opt/ros/galactic/include/rcl/context.h:28[m[K,
[4.394s]                  from [01m[K/opt/ros/galactic/include/rcl/guard_condition.h:26[m[K,
[4.395s]                  from [01m[K/opt/ros/galactic/include/rclcpp/executor.hpp:30[m[K,
[4.395s]                  from [01m[K/opt/ros/galactic/include/rclcpp/executors/multi_threaded_executor.hpp:26[m[K,
[4.395s]                  from [01m[K/opt/ros/galactic/include/rclcpp/executors.hpp:21[m[K,
[4.395s]                  from [01m[K/opt/ros/galactic/include/rclcpp/rclcpp.hpp:156[m[K,
[4.395s]                  from [01m[K/home/krishna/Altran_Folders/ROS2/catkin_ws/src/my_cpp_pkg/src/Subscriber.cpp:2[m[K:
[4.395s] [01m[K/opt/ros/galactic/include/rcutils/logging.h:479:16:[m[K [01;36m[Knote: [m[K  initializing argument 4 of â€˜[01m[Kvoid rcutils_log(const rcutils_log_location_t*, int, const char*, const char*, ...)[m[Kâ€™
[4.395s]   479 |   [01;36m[Kconst char * format[m[K,
[4.395s]       |   [01;36m[K~~~~~~~~~~~~~^~~~~~[m[K
[4.414s] In file included from [01m[K/opt/ros/galactic/include/rclcpp/client.hpp:40[m[K,
[4.414s]                  from [01m[K/opt/ros/galactic/include/rclcpp/callback_group.hpp:23[m[K,
[4.414s]                  from [01m[K/opt/ros/galactic/include/rclcpp/any_executable.hpp:20[m[K,
[4.414s]                  from [01m[K/opt/ros/galactic/include/rclcpp/memory_strategy.hpp:25[m[K,
[4.414s]                  from [01m[K/opt/ros/galactic/include/rclcpp/memory_strategies.hpp:18[m[K,
[4.414s]                  from [01m[K/opt/ros/galactic/include/rclcpp/executor_options.hpp:20[m[K,
[4.414s]                  from [01m[K/opt/ros/galactic/include/rclcpp/executor.hpp:36[m[K,
[4.414s]                  from [01m[K/opt/ros/galactic/include/rclcpp/executors/multi_threaded_executor.hpp:26[m[K,
[4.414s]                  from [01m[K/opt/ros/galactic/include/rclcpp/executors.hpp:21[m[K,
[4.414s]                  from [01m[K/opt/ros/galactic/include/rclcpp/rclcpp.hpp:156[m[K,
[4.414s]                  from [01m[K/home/krishna/Altran_Folders/ROS2/catkin_ws/src/my_cpp_pkg/src/Act3ResetClient.cpp:1[m[K:
[4.414s] [01m[K/home/krishna/Altran_Folders/ROS2/catkin_ws/src/my_cpp_pkg/src/Act3ResetClient.cpp:[m[K In member function â€˜[01m[Kvoid RosResetClient::clientCb(bool)[m[Kâ€™:
[4.414s] [01m[K/home/krishna/Altran_Folders/ROS2/catkin_ws/src/my_cpp_pkg/src/Act3ResetClient.cpp:36:69:[m[K [01;31m[Kerror: [m[Kcannot convert â€˜[01m[Kstd::__cxx11::basic_string<char>[m[Kâ€™ to â€˜[01m[Kconst char*[m[Kâ€™
[4.414s]    36 |                 RCLCPP_INFO(this->get_logger(), [01;31m[K"Sucess message : " + responseMessage[m[K);
[4.415s]       |                                                 [01;31m[K~~~~~~~~~~~~~~~~~~~~^~~~~~~~~~~~~~~~~[m[K
[4.415s]       |                                                                     [01;31m[K|[m[K
[4.415s]       |                                                                     [01;31m[Kstd::__cxx11::basic_string<char>[m[K
[4.415s] In file included from [01m[K/opt/ros/galactic/include/rmw/types.h:28[m[K,
[4.415s]                  from [01m[K/opt/ros/galactic/include/rcl/types.h:20[m[K,
[4.415s]                  from [01m[K/opt/ros/galactic/include/rcl/log_level.h:22[m[K,
[4.415s]                  from [01m[K/opt/ros/galactic/include/rcl/arguments.h:21[m[K,
[4.415s]                  from [01m[K/opt/ros/galactic/include/rcl/context.h:28[m[K,
[4.415s]                  from [01m[K/opt/ros/galactic/include/rcl/guard_condition.h:26[m[K,
[4.415s]                  from [01m[K/opt/ros/galactic/include/rclcpp/executor.hpp:30[m[K,
[4.415s]                  from [01m[K/opt/ros/galactic/include/rclcpp/executors/multi_threaded_executor.hpp:26[m[K,
[4.415s]                  from [01m[K/opt/ros/galactic/include/rclcpp/executors.hpp:21[m[K,
[4.415s]                  from [01m[K/opt/ros/galactic/include/rclcpp/rclcpp.hpp:156[m[K,
[4.415s]                  from [01m[K/home/krishna/Altran_Folders/ROS2/catkin_ws/src/my_cpp_pkg/src/Act3ResetClient.cpp:1[m[K:
[4.415s] [01m[K/opt/ros/galactic/include/rcutils/logging.h:479:16:[m[K [01;36m[Knote: [m[K  initializing argument 4 of â€˜[01m[Kvoid rcutils_log(const rcutils_log_location_t*, int, const char*, const char*, ...)[m[Kâ€™
[4.416s]   479 |   [01;36m[Kconst char * format[m[K,
[4.416s]       |   [01;36m[K~~~~~~~~~~~~~^~~~~~[m[K
[4.606s] In file included from [01m[K/opt/ros/galactic/include/rclcpp/client.hpp:40[m[K,
[4.607s]                  from [01m[K/opt/ros/galactic/include/rclcpp/callback_group.hpp:23[m[K,
[4.607s]                  from [01m[K/opt/ros/galactic/include/rclcpp/any_executable.hpp:20[m[K,
[4.607s]                  from [01m[K/opt/ros/galactic/include/rclcpp/memory_strategy.hpp:25[m[K,
[4.607s]                  from [01m[K/opt/ros/galactic/include/rclcpp/memory_strategies.hpp:18[m[K,
[4.607s]                  from [01m[K/opt/ros/galactic/include/rclcpp/executor_options.hpp:20[m[K,
[4.607s]                  from [01m[K/opt/ros/galactic/include/rclcpp/executor.hpp:36[m[K,
[4.607s]                  from [01m[K/opt/ros/galactic/include/rclcpp/executors/multi_threaded_executor.hpp:26[m[K,
[4.607s]                  from [01m[K/opt/ros/galactic/include/rclcpp/executors.hpp:21[m[K,
[4.608s]                  from [01m[K/opt/ros/galactic/include/rclcpp/rclcpp.hpp:156[m[K,
[4.608s]                  from [01m[K/home/krishna/Altran_Folders/ROS2/catkin_ws/src/my_cpp_pkg/src/rosClientOOPS.cpp:1[m[K:
[4.608s] [01m[K/home/krishna/Altran_Folders/ROS2/catkin_ws/src/my_cpp_pkg/src/rosClientOOPS.cpp:[m[K In member function â€˜[01m[Kvoid RosClient::clinetCb(int, int)[m[Kâ€™:
[4.608s] [01m[K/home/krishna/Altran_Folders/ROS2/catkin_ws/src/my_cpp_pkg/src/rosClientOOPS.cpp:29:45:[m[K [01;35m[Kwarning: [m[Kformat â€˜[01m[K%d[m[Kâ€™ expects argument of type â€˜[01m[Kint[m[Kâ€™, but argument 5 has type â€˜[01m[Klong int[m[Kâ€™ [[01;35m[K]8;;https://gcc.gnu.org/onlinedocs/gcc/Warning-Options.html#index-Wformat=-Wformat=]8;;[m[K]
[4.608s]    29 |             RCLCPP_INFO(this->get_logger(), [01;35m[K"The out is : %d"[m[K, [32m[Kout[m[K);
[4.608s]       |                                             [01;35m[K^~~~~~~~~~~~~~~~~[m[K  [32m[K~~~[m[K
[4.608s]       |                                                                [32m[K|[m[K
[4.608s]       |                                                                [32m[Klong int[m[K
[4.609s] [01m[K/home/krishna/Altran_Folders/ROS2/catkin_ws/src/my_cpp_pkg/src/rosClientOOPS.cpp:29:60:[m[K [01;36m[Knote: [m[Kformat string is defined here
[4.609s]    29 |             RCLCPP_INFO(this->get_logger(), "The out is : [01;36m[K%d[m[K", out);
[4.609s]       |                                                           [01;36m[K~^[m[K
[4.609s]       |                                                            [01;36m[K|[m[K
[4.609s]       |                                                            [01;36m[Kint[m[K
[4.609s]       |                                                           [32m[K%ld[m[K
[5.188s] [ 34%] [32m[1mLinking CXX executable cppNode[0m
[5.248s] make[2]: *** [CMakeFiles/Act3Client.dir/build.make:63: CMakeFiles/Act3Client.dir/src/Act3ResetClient.cpp.o] Error 1
[5.249s] make[1]: *** [CMakeFiles/Makefile2:102: CMakeFiles/Act3Client.dir/all] Error 2
[5.249s] make[1]: *** Waiting for unfinished jobs....
[5.320s] [ 38%] [32m[1mLinking CXX executable cppClassNode[0m
[5.399s] [ 38%] Built target cppNode
[5.498s] [ 38%] Built target cppClassNode
[5.857s] [ 42%] [32m[1mLinking CXX executable testMem[0m
[5.992s] [ 42%] Built target testMem
[6.147s] [ 50%] [32m[1mLinking CXX executable rosServer[0m
[6.147s] [ 50%] [32m[1mLinking CXX executable rosClientOOPS[0m
[6.308s] [ 50%] Built target rosClientOOPS
[6.343s] [ 50%] Built target rosServer
[6.847s] make[2]: *** [CMakeFiles/rosSub.dir/build.make:63: CMakeFiles/rosSub.dir/src/Subscriber.cpp.o] Error 1
[6.847s] make[1]: *** [CMakeFiles/Makefile2:345: CMakeFiles/rosSub.dir/all] Error 2
[7.040s] [ 53%] [32m[1mLinking CXX executable rosPub[0m
[7.226s] [ 53%] Built target rosPub
[7.227s] make: *** [Makefile:141: all] Error 2
[7.229s] Invoked command in '/home/krishna/Altran_Folders/ROS2/catkin_ws/build/my_cpp_pkg' returned '2': AMENT_PREFIX_PATH=/home/krishna/Altran_Folders/ROS2/catkin_ws/install/custom_interfaces:${AMENT_PREFIX_PATH} CMAKE_PREFIX_PATH=/home/krishna/Altran_Folders/ROS2/catkin_ws/install/custom_interfaces:/home/krishna/Git_Aorta/aorta/ROS/install/trajectory_visualization_plugin:/home/krishna/Git_Aorta/aorta/ROS/install/rviz_carla_plugin:/home/krishna/Git_Aorta/aorta/ROS/install/pcl_recorder:/home/krishna/Git_Aorta/aorta/ROS/install/custom_messages:/home/krishna/Git_Aorta/aorta/ROS/install/carla_waypoint_types:/home/krishna/Git_Aorta/aorta/ROS/install/carla_ros_scenario_runner_types:/home/krishna/Git_Aorta/aorta/ROS/install/carla_ackermann_msgs:/home/krishna/Git_Aorta/aorta/ROS/install/carla_msgs:/home/krishna/Git_Aorta/astuff_sensor_msgs/derived_object_msgs/install/derived_object_msgs:/home/krishna/Git_Aorta/aorta/ROS/install/tuk_filter:/home/krishna/Git_Aorta/aorta/ROS/install/trajectory_planning:/home/krishna/Git_Aorta/aorta/ROS/install/trajectory_following_parameter:/home/krishna/Git_Aorta/aorta/ROS/install/trajectory_following:/home/krishna/Git_Aorta/aorta/ROS/install/traffic_light_control:/home/krishna/Git_Aorta/aorta/ROS/install/carla_aorta_test:/home/krishna/Git_Aorta/aorta/ROS/install/carla_ad_demo:/home/krishna/Git_Aorta/aorta/ROS/install/rqt_carla_control:/home/krishna/Git_Aorta/aorta/ROS/install/carla_waypoint_publisher:/home/krishna/Git_Aorta/aorta/ROS/install/carla_ackermann_control:/home/krishna/Git_Aorta/aorta/ROS/install/carla_ros_bridge:/home/krishna/Git_Aorta/aorta/ROS/install/carla_spawn_objects:/home/krishna/Git_Aorta/aorta/ROS/install/carla_manual_control:/home/krishna/Git_Aorta/aorta/ROS/install/carla_ad_agent:/home/krishna/Git_Aorta/aorta/ROS/install/ros_compatibility:/home/krishna/Git_Aorta/aorta/ROS/install/ros_bridge_addon:/home/krishna/Git_Aorta/aorta/ROS/install/emergency_filter:/home/krishna/Git_Aorta/aorta/ROS/install/edge_device:/home/krishna/Git_Aorta/aorta/ROS/install/dummy_manual_control:/home/krishna/Git_Aorta/aorta/ROS/install/default_filter:/home/krishna/Git_Aorta/aorta/ROS/install/car_tuk:/home/krishna/Git_Aorta/aorta/ROS/install/car_emergency:/home/krishna/Git_Aorta/aorta/ROS/install/car_default:/home/krishna/Git_Aorta/aorta/ROS/install/car_altran:/home/krishna/Git_Aorta/aorta/ROS/install/car_akka:/home/krishna/Git_Aorta/aorta/ROS/install/aorta_server:/home/krishna/Git_Aorta/aorta/ROS/install/aorta_demo:/home/krishna/Git_Aorta/aorta/ROS/install/altran_filter:/home/krishna/Git_Aorta/aorta/ROS/install/akka_sensor_dummy:/home/krishna/Git_Aorta/aorta/ROS/install/akka_filter:/home/krishna/Git_Aorta/aorta/ROS/install/carla_walker_agent:/home/krishna/Git_Aorta/aorta/ROS/install/carla_twist_to_control:/home/krishna/Git_Aorta/aorta/ROS/install/carla_ros_scenario_runner:/home/krishna/Git_Aorta/aorta/ROS/install/carla_common:/opt/ros/galactic LD_LIBRARY_PATH=/home/krishna/Altran_Folders/ROS2/catkin_ws/install/custom_interfaces/lib:${LD_LIBRARY_PATH} PYTHONPATH=/home/krishna/Altran_Folders/ROS2/catkin_ws/install/custom_interfaces/lib/python3.8/site-packages:${PYTHONPATH} /usr/bin/cmake --build /home/krishna/Altran_Folders/ROS2/catkin_ws/build/my_cpp_pkg -- -j8 -l8
